Arguments: 
  C:\Program Files\nodejs\node.exe C:\Program Files (x86)\Yarn\bin\yarn.js add focus-trap-react --ignore-engines

PATH: 
  C:\Users\work\bin;C:\Program Files\Git\mingw64\bin;C:\Program Files\Git\usr\local\bin;C:\Program Files\Git\usr\bin;C:\Program Files\Git\usr\bin;C:\Program Files\Git\mingw64\bin;C:\Program Files\Git\usr\bin;C:\Users\work\bin;C:\Program Files\Common Files\Oracle\Java\javapath;C:\Program Files\Eclipse Adoptium\jdk-21.0.1.12-hotspot\bin;C:\Program Files (x86)\Common Files\Oracle\Java\javapath;C:\WINDOWS\system32;C:\WINDOWS;C:\WINDOWS\System32\Wbem;C:\WINDOWS\System32\WindowsPowerShell\v1.0;C:\WINDOWS\System32\OpenSSH;C:\Program Files\Git\cmd;C:\Program Files (x86)\Yarn\bin;C:\Program Files\dotnet;C:\Program Files (x86)\dotnet;C:\Program Files\MongoDB\Server\7.0\bin;C:\Program Files\nodejs;C:\Program Files\Docker\Docker\resources\bin;C:\Program Files\Java\jre-1.8\bin;C:\Users\work\AppData\Local\Programs\Python\Python310\Scripts;C:\Users\work\AppData\Local\Programs\Python\Python310;C:\Users\work\AppData\Local\Microsoft\WindowsApps;C:\Users\work\AppData\Local\Programs\Microsoft VS Code\bin;C:\Users\work\AppData\Local\Yarn\bin;C:\Users\work\AppData\Local\Programs\oh-my-posh\bin;C:\Users\work\AppData\Local\GitHubDesktop\bin;C:\Users\work\AppData\Roaming\npm;C:\Program Files\Git\usr\bin\vendor_perl;C:\Program Files\Git\usr\bin\core_perl

Yarn version: 
  1.22.4

Node version: 
  20.9.0

Platform: 
  win32 x64

Trace: 
  Error: EPERM: operation not permitted, lstat 'C:\Users\work\AppData\Local\Yarn\Cache\v6\npm-prettier-3.2.5-e52bc3090586e824964a8813b09aba6233b28368-integrity\node_modules\prettier\.yarn-tarball.tgz'

npm manifest: 
  {
    "name": "@nkzw/vite-ts-react-tailwind",
    "version": "0.0.1",
    "author": "Christoph Nakazawa <christoph.pojer@gmail.com>",
    "repository": {
      "type": "git",
      "url": "git://github.com/cpojer/vite-ts-react-tailwind.git"
    },
    "type": "module",
    "engines": {
      "node": ">=18.11.0",
    },
    "dependencies": {
      "react": "^18.2.0",
      "react-dom": "^18.2.0",
      "react-simply-carousel": "^9.1.1"
    },
    "devDependencies": {
      "@ianvs/prettier-plugin-sort-imports": "^4.1.1",
      "@nkzw/eslint-config": "^1.12.0",
      "@swc/core": "^1.3.100",
      "@types/node": "^20.10.1",
      "@types/react": "^18.2.39",
      "@types/react-dom": "^18.2.17",
      "@vitejs/plugin-react": "^4.2.0",
      "autoprefixer": "^10.4.16",
      "eslint": "^8.54.0",
      "npm-run-all": "^4.1.5",
      "postcss": "^8.4.31",
      "prettier": "^3.1.0",
      "prettier-plugin-tailwindcss": "^0.5.7",
      "tailwindcss": "^3.3.5",
      "ts-node": "^10.9.1",
      "typescript": "^5.3.2",
      "vite": "^5.0.4",
      "vitest": "^0.34.6"
    },
    "scripts": {
      "preinstall": "command -v git >/dev/null 2>&1 && git config core.hooksPath git-hooks || true",
      "build": "vite build",
      "dev:update-deps": "rm -rf pnpm-lock.yaml node_modules/ **/node_modules && pnpm install",
      "dev": "vite dev",
      "format": "prettier --write .",
      "lint:format": "prettier --cache --check .",
      "lint": "eslint --cache .",
      "test": "npm-run-all --parallel tsc:check vitest:run lint lint:format",
      "tsc:check": "tsc",
      "vitest:run": "vitest run"
    },
    "browserslist": [
      ">0.2%",
      "not dead",
      "not op_mini all"
    ]
  }

yarn manifest: 
  No manifest

Lockfile: 
  No lockfile
